Starting job on  Tue Mar 28 17:36:26 CDT 2023
Running on  Linux login01.hep.wisc.edu 5.4.217-1.el7.elrepo.x86_64 #1 SMP Thu Oct 6 13:02:21 EDT 2022 x86_64 x86_64 x86_64 GNU/Linux
System release  CentOS Linux release 7.9.2009 (Core)
name: ZZ_dim6_HBox_HW_W_MS_FULL
carddir: cards_to_run_ZZ_HBox_HW_W_MS_FULL/
queue: local
scram_arch: slc7_amd64_gcc10
cmssw_version: CMSSW_12_3_0
# On branch personal
# Untracked files:
#   (use "git add <file>..." to include in what will be committed)
#
#	.gridpack_generation.sh.swp
#	SMEFTsim_U35_MwScheme_UFO_v302.tar.gz
#	ZZ_dim6_HBox_HW_W_MS_FULL.log
#	ZZ_dim6_HBox_HW_W_MS_FULL/
#	cards_to_run_ZZ_HBox_HW_W_MS_FULL/
nothing added to commit but untracked files present (use "git add" to track)
Current git revision is:
5bd97f2580fa60c0aa6ea00d731d2361537bbf83
/afs/hep.wisc.edu/home/marquez5/CMSSW/CMSSW_12_3_0/src/Configuration/GenProduction/bin/MadGraph5_aMCatNLO
Reusing existing directory assuming generated code already exists
WARNING: If you changed the process card you need to clean the folder and run from scratch
SCRAM error: SCRAM: No type of variable called "INCLUDE" defined for this tool.
Reusing an existing process directory ZZ_dim6_HBox_HW_W_MS_FULL is not actually supported in production at the moment.  Please clean or move the directory and start from scratch.
